mode: set
github.com/thalesfsp/godotenv/godotenv.go:42.44,44.2 1 1
github.com/thalesfsp/godotenv/godotenv.go:58.69,61.37 2 1
github.com/thalesfsp/godotenv/godotenv.go:67.2,67.8 1 1
github.com/thalesfsp/godotenv/godotenv.go:61.37,63.17 2 1
github.com/thalesfsp/godotenv/godotenv.go:63.17,65.4 1 1
github.com/thalesfsp/godotenv/godotenv.go:81.48,83.2 1 1
github.com/thalesfsp/godotenv/godotenv.go:97.73,100.37 2 1
github.com/thalesfsp/godotenv/godotenv.go:106.2,106.8 1 1
github.com/thalesfsp/godotenv/godotenv.go:100.37,102.17 2 1
github.com/thalesfsp/godotenv/godotenv.go:102.17,104.4 1 1
github.com/thalesfsp/godotenv/godotenv.go:111.70,115.37 3 1
github.com/thalesfsp/godotenv/godotenv.go:128.2,128.8 1 1
github.com/thalesfsp/godotenv/godotenv.go:115.37,118.27 2 1
github.com/thalesfsp/godotenv/godotenv.go:123.3,123.44 1 1
github.com/thalesfsp/godotenv/godotenv.go:118.27,121.4 2 1
github.com/thalesfsp/godotenv/godotenv.go:123.44,125.4 1 1
github.com/thalesfsp/godotenv/godotenv.go:132.63,137.21 4 1
github.com/thalesfsp/godotenv/godotenv.go:141.2,141.37 1 1
github.com/thalesfsp/godotenv/godotenv.go:145.2,145.33 1 1
github.com/thalesfsp/godotenv/godotenv.go:156.2,156.8 1 1
github.com/thalesfsp/godotenv/godotenv.go:137.21,139.3 1 1
github.com/thalesfsp/godotenv/godotenv.go:141.37,143.3 1 1
github.com/thalesfsp/godotenv/godotenv.go:145.33,146.31 1 1
github.com/thalesfsp/godotenv/godotenv.go:146.31,150.18 3 1
github.com/thalesfsp/godotenv/godotenv.go:153.4,153.23 1 1
github.com/thalesfsp/godotenv/godotenv.go:150.18,152.5 1 1
github.com/thalesfsp/godotenv/godotenv.go:160.66,162.2 1 1
github.com/thalesfsp/godotenv/godotenv.go:171.67,179.2 6 0
github.com/thalesfsp/godotenv/godotenv.go:182.61,184.16 2 0
github.com/thalesfsp/godotenv/godotenv.go:187.2,188.16 2 0
github.com/thalesfsp/godotenv/godotenv.go:191.2,193.16 3 0
github.com/thalesfsp/godotenv/godotenv.go:196.2,197.12 2 0
github.com/thalesfsp/godotenv/godotenv.go:184.16,186.3 1 0
github.com/thalesfsp/godotenv/godotenv.go:188.16,190.3 1 0
github.com/thalesfsp/godotenv/godotenv.go:193.16,195.3 1 0
github.com/thalesfsp/godotenv/godotenv.go:202.56,204.27 2 1
github.com/thalesfsp/godotenv/godotenv.go:211.2,212.39 2 1
github.com/thalesfsp/godotenv/godotenv.go:204.27,205.44 1 1
github.com/thalesfsp/godotenv/godotenv.go:205.44,207.4 1 1
github.com/thalesfsp/godotenv/godotenv.go:207.9,209.4 1 1
github.com/thalesfsp/godotenv/godotenv.go:215.54,216.25 1 1
github.com/thalesfsp/godotenv/godotenv.go:219.2,219.18 1 1
github.com/thalesfsp/godotenv/godotenv.go:216.25,218.3 1 1
github.com/thalesfsp/godotenv/godotenv.go:222.53,224.2 1 0
github.com/thalesfsp/godotenv/godotenv.go:226.71,228.16 2 1
github.com/thalesfsp/godotenv/godotenv.go:232.2,234.36 3 1
github.com/thalesfsp/godotenv/godotenv.go:239.2,239.33 1 1
github.com/thalesfsp/godotenv/godotenv.go:245.2,245.12 1 1
github.com/thalesfsp/godotenv/godotenv.go:228.16,230.3 1 1
github.com/thalesfsp/godotenv/godotenv.go:234.36,237.3 2 1
github.com/thalesfsp/godotenv/godotenv.go:239.33,240.35 1 1
github.com/thalesfsp/godotenv/godotenv.go:240.35,242.4 1 1
github.com/thalesfsp/godotenv/godotenv.go:248.70,250.16 2 1
github.com/thalesfsp/godotenv/godotenv.go:253.2,255.20 2 1
github.com/thalesfsp/godotenv/godotenv.go:250.16,252.3 1 1
github.com/thalesfsp/godotenv/godotenv.go:260.93,261.20 1 1
github.com/thalesfsp/godotenv/godotenv.go:267.2,267.33 1 1
github.com/thalesfsp/godotenv/godotenv.go:289.2,292.73 4 1
github.com/thalesfsp/godotenv/godotenv.go:297.2,297.27 1 1
github.com/thalesfsp/godotenv/godotenv.go:303.2,304.38 2 1
github.com/thalesfsp/godotenv/godotenv.go:307.2,313.8 4 1
github.com/thalesfsp/godotenv/godotenv.go:261.20,264.3 2 0
github.com/thalesfsp/godotenv/godotenv.go:267.33,271.49 4 1
github.com/thalesfsp/godotenv/godotenv.go:286.3,286.43 1 1
github.com/thalesfsp/godotenv/godotenv.go:271.49,272.77 1 1
github.com/thalesfsp/godotenv/godotenv.go:281.4,281.49 1 1
github.com/thalesfsp/godotenv/godotenv.go:272.77,273.22 1 1
github.com/thalesfsp/godotenv/godotenv.go:273.22,276.6 2 1
github.com/thalesfsp/godotenv/godotenv.go:276.11,278.6 1 1
github.com/thalesfsp/godotenv/godotenv.go:281.49,283.5 1 1
github.com/thalesfsp/godotenv/godotenv.go:292.73,295.3 1 1
github.com/thalesfsp/godotenv/godotenv.go:297.27,300.3 2 1
github.com/thalesfsp/godotenv/godotenv.go:304.38,306.3 1 1
github.com/thalesfsp/godotenv/godotenv.go:323.64,329.20 2 1
github.com/thalesfsp/godotenv/godotenv.go:361.2,361.14 1 1
github.com/thalesfsp/godotenv/godotenv.go:329.20,334.49 3 1
github.com/thalesfsp/godotenv/godotenv.go:339.3,339.26 1 1
github.com/thalesfsp/godotenv/godotenv.go:356.3,356.26 1 1
github.com/thalesfsp/godotenv/godotenv.go:334.49,337.4 1 1
github.com/thalesfsp/godotenv/godotenv.go:339.26,341.78 1 1
github.com/thalesfsp/godotenv/godotenv.go:353.4,353.60 1 1
github.com/thalesfsp/godotenv/godotenv.go:341.78,343.14 2 1
github.com/thalesfsp/godotenv/godotenv.go:344.14,345.17 1 1
github.com/thalesfsp/godotenv/godotenv.go:346.14,347.17 1 1
github.com/thalesfsp/godotenv/godotenv.go:348.13,349.18 1 1
github.com/thalesfsp/godotenv/godotenv.go:356.26,358.4 1 1
github.com/thalesfsp/godotenv/godotenv.go:366.60,367.70 1 1
github.com/thalesfsp/godotenv/godotenv.go:367.70,370.22 2 1
github.com/thalesfsp/godotenv/godotenv.go:373.3,373.48 1 1
github.com/thalesfsp/godotenv/godotenv.go:378.3,378.11 1 0
github.com/thalesfsp/godotenv/godotenv.go:370.22,372.4 1 0
github.com/thalesfsp/godotenv/godotenv.go:373.48,375.4 1 1
github.com/thalesfsp/godotenv/godotenv.go:375.9,375.31 1 1
github.com/thalesfsp/godotenv/godotenv.go:375.31,377.4 1 1
github.com/thalesfsp/godotenv/godotenv.go:382.38,385.2 2 1
github.com/thalesfsp/godotenv/godotenv.go:387.44,388.44 1 1
github.com/thalesfsp/godotenv/godotenv.go:398.2,398.13 1 1
github.com/thalesfsp/godotenv/godotenv.go:388.44,390.16 2 1
github.com/thalesfsp/godotenv/godotenv.go:393.3,393.16 1 1
github.com/thalesfsp/godotenv/godotenv.go:396.3,396.57 1 1
github.com/thalesfsp/godotenv/godotenv.go:390.16,392.4 1 1
github.com/thalesfsp/godotenv/godotenv.go:393.16,395.4 1 1
